/*C21*/SET SCHEMA PUBLIC
DROP TABLE IF EXISTS jpymodel
CREATE TABLE jpymodel ( id INTEGER IDENTITY PRIMARY KEY, num_code INTEGER DEFAULT 392, char_code VARCHAR(30) , nominal INTEGER , name VARCHAR(30) , value DOUBLE , time_receipt TIMESTAMP DEFAULT now() NOT NULL )
drop table jpymodel if exists
create table jpymodel (id bigint generated by default as identity (start with 1), char_code VARCHAR(30) default 'JPY', name VARCHAR(30) default '\u044f\u043f\u043e\u043d\u0441\u043a\u0430\u044f \u0439\u0435\u043d\u0430', nominal integer, num_code INTEGER default 392, time_receipt timestamp default now(), value double, primary key (id))
INSERT INTO JPYMODEL VALUES(1,'JPY','\u044f\u043f\u043e\u043d\u0441\u043a\u0430\u044f \u0439\u0435\u043d\u0430',100,392,'2018-01-13 15:55:36.699000',40.9E0)
COMMIT
INSERT INTO JPYMODEL VALUES(2,'JPY','\u044f\u043f\u043e\u043d\u0441\u043a\u0430\u044f \u0439\u0435\u043d\u0430',150,392,'2018-01-13 15:55:36.700000',42.9E0)
COMMIT
INSERT INTO JPYMODEL VALUES(3,'JPY','\u044f\u043f\u043e\u043d\u0441\u043a\u0430\u044f \u0439\u0435\u043d\u0430',200,392,'2018-01-13 15:55:36.700000',478.9E0)
COMMIT
INSERT INTO JPYMODEL VALUES(4,'JPY','\u044f\u043f\u043e\u043d\u0441\u043a\u0430\u044f \u0439\u0435\u043d\u0430',1040,392,'2018-01-13 15:55:36.701000',47.9E0)
COMMIT
INSERT INTO JPYMODEL VALUES(5,'JPY','\u044f\u043f\u043e\u043d\u0441\u043a\u0430\u044f \u0439\u0435\u043d\u0430',1040,392,'2018-01-13 15:55:36.701000',46.9E0)
COMMIT
INSERT INTO JPYMODEL VALUES(6,'JPY','\u044f\u043f\u043e\u043d\u0441\u043a\u0430\u044f \u0439\u0435\u043d\u0430',1400,392,'2018-01-13 15:55:36.701000',44.9E0)
COMMIT
INSERT INTO JPYMODEL VALUES(7,'JPY','\u0439\u0435\u043d\u0430',100,392,'2018-01-13 15:55:37.942000',50.8713E0)
COMMIT
DISCONNECT
/*C20*/SET SCHEMA PUBLIC
DISCONNECT
/*C19*/SET SCHEMA PUBLIC
DISCONNECT
/*C18*/SET SCHEMA PUBLIC
DISCONNECT
/*C17*/SET SCHEMA PUBLIC
DISCONNECT
/*C16*/SET SCHEMA PUBLIC
DISCONNECT
/*C15*/SET SCHEMA PUBLIC
DISCONNECT
/*C14*/SET SCHEMA PUBLIC
DISCONNECT
/*C13*/SET SCHEMA PUBLIC
DISCONNECT
/*C12*/SET SCHEMA PUBLIC
DISCONNECT
